Release 12.2 - xst M.63c (nt)
Copyright (c) 1995-2010 Xilinx, Inc.  All rights reserved.
--> Parameter TMPDIR set to xst/projnav.tmp


Total REAL time to Xst completion: 0.00 secs
Total CPU time to Xst completion: 0.11 secs
 
--> Parameter xsthdpdir set to xst


Total REAL time to Xst completion: 0.00 secs
Total CPU time to Xst completion: 0.11 secs
 
--> Reading design: IO_Mem_Controller.prj

TABLE OF CONTENTS
  1) Synthesis Options Summary
  2) HDL Compilation
  3) Design Hierarchy Analysis
  4) HDL Analysis
  5) HDL Synthesis
     5.1) HDL Synthesis Report
  6) Advanced HDL Synthesis
     6.1) Advanced HDL Synthesis Report
  7) Low Level Synthesis
  8) Partition Report
  9) Final Report
	9.1) Device utilization summary
	9.2) Partition Resource Summary
	9.3) TIMING REPORT


=========================================================================
*                      Synthesis Options Summary                        *
=========================================================================
---- Source Parameters
Input File Name                    : "IO_Mem_Controller.prj"
Input Format                       : mixed
Ignore Synthesis Constraint File   : NO

---- Target Parameters
Output File Name                   : "IO_Mem_Controller"
Output Format                      : NGC
Target Device                      : xc3s500e-5-fg320

---- Source Options
Top Module Name                    : IO_Mem_Controller
Automatic FSM Extraction           : YES
FSM Encoding Algorithm             : Auto
Safe Implementation                : No
FSM Style                          : LUT
RAM Extraction                     : Yes
RAM Style                          : Auto
ROM Extraction                     : Yes
Mux Style                          : Auto
Decoder Extraction                 : YES
Priority Encoder Extraction        : Yes
Shift Register Extraction          : YES
Logical Shifter Extraction         : YES
XOR Collapsing                     : YES
ROM Style                          : Auto
Mux Extraction                     : Yes
Resource Sharing                   : YES
Asynchronous To Synchronous        : NO
Multiplier Style                   : Auto
Automatic Register Balancing       : No

---- Target Options
Add IO Buffers                     : YES
Global Maximum Fanout              : 500
Add Generic Clock Buffer(BUFG)     : 24
Register Duplication               : YES
Slice Packing                      : YES
Optimize Instantiated Primitives   : NO
Use Clock Enable                   : Yes
Use Synchronous Set                : Yes
Use Synchronous Reset              : Yes
Pack IO Registers into IOBs        : Auto
Equivalent register Removal        : YES

---- General Options
Optimization Goal                  : Speed
Optimization Effort                : 1
Keep Hierarchy                     : No
Netlist Hierarchy                  : As_Optimized
RTL Output                         : Yes
Global Optimization                : AllClockNets
Read Cores                         : YES
Write Timing Constraints           : NO
Cross Clock Analysis               : NO
Hierarchy Separator                : /
Bus Delimiter                      : <>
Case Specifier                     : Maintain
Slice Utilization Ratio            : 100
BRAM Utilization Ratio             : 100
Verilog 2001                       : YES
Auto BRAM Packing                  : NO
Slice Utilization Ratio Delta      : 5

=========================================================================


=========================================================================
*                          HDL Compilation                              *
=========================================================================
Compiling verilog file "../MemoryIO/IO_Mem_Controller.v" in library work
Module <IO_Mem_Controller> compiled
No errors in compilation
Analysis of file <"IO_Mem_Controller.prj"> succeeded.
 

=========================================================================
*                     Design Hierarchy Analysis                         *
=========================================================================
Analyzing hierarchy for module <IO_Mem_Controller> in library <work>.


=========================================================================
*                            HDL Analysis                               *
=========================================================================
Analyzing top module <IO_Mem_Controller>.
Module <IO_Mem_Controller> is correct for synthesis.
 

=========================================================================
*                           HDL Synthesis                               *
=========================================================================

Performing bidirectional port resolution...

Synthesizing Unit <IO_Mem_Controller>.
    Related source file is "../MemoryIO/IO_Mem_Controller.v".
    Found 6-bit register for signal <MP3Trig_OUT>.
    Found 8-bit register for signal <led7Seg_OUT>.
    Summary:
	inferred  14 D-type flip-flop(s).
Unit <IO_Mem_Controller> synthesized.


=========================================================================
HDL Synthesis Report

Macro Statistics
# Registers                                            : 2
 6-bit register                                        : 1
 8-bit register                                        : 1

=========================================================================

=========================================================================
*                       Advanced HDL Synthesis                          *
=========================================================================


=========================================================================
Advanced HDL Synthesis Report

Macro Statistics
# Registers                                            : 14
 Flip-Flops                                            : 14

=========================================================================

=========================================================================
*                         Low Level Synthesis                           *
=========================================================================

Optimizing unit <IO_Mem_Controller> ...

Mapping all equations...
Building and optimizing final netlist ...
Found area constraint ratio of 100 (+ 5) on block IO_Mem_Controller, actual ratio is 3.

Final Macro Processing ...

=========================================================================
Final Register Report

Macro Statistics
# Registers                                            : 14
 Flip-Flops                                            : 14

=========================================================================

=========================================================================
*                           Partition Report                            *
=========================================================================

Partition Implementation Status
-------------------------------

  No Partitions were found in this design.

-------------------------------

=========================================================================
*                            Final Report                               *
=========================================================================
Final Results
RTL Top Level Output File Name     : IO_Mem_Controller.ngr
Top Level Output File Name         : IO_Mem_Controller
Output Format                      : NGC
Optimization Goal                  : Speed
Keep Hierarchy                     : No

Design Statistics
# IOs                              : 308

Cell Usage :
# BELS                             : 290
#      GND                         : 1
#      LUT2                        : 57
#      LUT3                        : 24
#      LUT4                        : 204
#      MUXF5                       : 4
# FlipFlops/Latches                : 14
#      FDE                         : 14
# Clock Buffers                    : 1
#      BUFGP                       : 1
# IO Buffers                       : 307
#      IBUF                        : 66
#      OBUF                        : 241
=========================================================================

Device utilization summary:
---------------------------

Selected Device : 3s500efg320-5 

 Number of Slices:                      164  out of   4656     3%  
 Number of 4 input LUTs:                285  out of   9312     3%  
 Number of IOs:                         308
 Number of bonded IOBs:                 308  out of    232   132% (*) 
    IOB Flip Flops:                      14
 Number of GCLKs:                         1  out of     24     4%  

WARNING:Xst:1336 -  (*) More than 100% of Device resources are used

---------------------------
Partition Resource Summary:
---------------------------

  No Partitions were found in this design.

---------------------------


=========================================================================
TIMING REPORT

NOTE: THESE TIMING NUMBERS ARE ONLY A SYNTHESIS ESTIMATE.
      FOR ACCURATE TIMING INFORMATION PLEASE REFER TO THE TRACE REPORT
      GENERATED AFTER PLACE-and-ROUTE.

Clock Information:
------------------
-----------------------------------+------------------------+-------+
Clock Signal                       | Clock buffer(FF name)  | Load  |
-----------------------------------+------------------------+-------+
clk                                | BUFGP                  | 14    |
-----------------------------------+------------------------+-------+

Asynchronous Control Signals Information:
----------------------------------------
No asynchronous control signals found in this design

Timing Summary:
---------------
Speed Grade: -5

   Minimum period: No path found
   Minimum input arrival time before clock: 9.486ns
   Maximum output required time after clock: 4.040ns
   Maximum combinational path delay: 12.084ns

Timing Detail:
--------------
All values displayed in nanoseconds (ns)

=========================================================================
Timing constraint: Default OFFSET IN BEFORE for Clock 'clk'
  Total number of paths / destination ports: 482 / 28
-------------------------------------------------------------------------
Offset:              9.486ns (Levels of Logic = 8)
  Source:            ADDR_IN<8> (PAD)
  Destination:       MP3Trig_OUT_0 (FF)
  Destination Clock: clk rising

  Data Path: ADDR_IN<8> to MP3Trig_OUT_0
                                Gate     Net
    Cell:in->out      fanout   Delay   Delay  Logical Name (Net Name)
    ----------------------------------------  ------------
     IBUF:I->O             2   1.106   0.532  ADDR_IN_8_IBUF (ADDR_IN_8_IBUF)
     LUT4:I0->O            1   0.612   0.000  DACA_OUT_cmp_eq0000111 (DACA_OUT_cmp_eq000011)
     MUXF5:I1->O           6   0.278   0.572  DACA_OUT_cmp_eq000011_f5 (MemWrite_OUT_and0000)
     LUT4:I3->O            1   0.612   0.360  DACA_OUT_cmp_eq00001_SW0 (N57)
     LUT4:I3->O            3   0.612   0.481  DACA_OUT_cmp_eq00001 (N12)
     LUT3:I2->O            3   0.612   0.481  DACA_OUT_cmp_eq000021 (N28)
     LUT3:I2->O           19   0.612   0.952  DACA_OUT_cmp_eq000031 (N46)
     LUT3:I2->O            6   0.612   0.569  MP3Trig<0>11 (MP3Trig_OUT_and0000)
     FDE:CE                    0.483          MP3Trig_OUT_0
    ----------------------------------------
    Total                      9.486ns (5.539ns logic, 3.947ns route)
                                       (58.4% logic, 41.6% route)

=========================================================================
Timing constraint: Default OFFSET OUT AFTER for Clock 'clk'
  Total number of paths / destination ports: 14 / 14
-------------------------------------------------------------------------
Offset:              4.040ns (Levels of Logic = 1)
  Source:            MP3Trig_OUT_5 (FF)
  Destination:       MP3Trig_OUT<5> (PAD)
  Source Clock:      clk rising

  Data Path: MP3Trig_OUT_5 to MP3Trig_OUT<5>
                                Gate     Net
    Cell:in->out      fanout   Delay   Delay  Logical Name (Net Name)
    ----------------------------------------  ------------
     FDE:C->Q              1   0.514   0.357  MP3Trig_OUT_5 (MP3Trig_OUT_5)
     OBUF:I->O                 3.169          MP3Trig_OUT_5_OBUF (MP3Trig_OUT<5>)
    ----------------------------------------
    Total                      4.040ns (3.683ns logic, 0.357ns route)
                                       (91.2% logic, 8.8% route)

=========================================================================
Timing constraint: Default path analysis
  Total number of paths / destination ports: 4283 / 227
-------------------------------------------------------------------------
Delay:               12.084ns (Levels of Logic = 9)
  Source:            ADDR_IN<8> (PAD)
  Destination:       PacmanToCount<15> (PAD)

  Data Path: ADDR_IN<8> to PacmanToCount<15>
                                Gate     Net
    Cell:in->out      fanout   Delay   Delay  Logical Name (Net Name)
    ----------------------------------------  ------------
     IBUF:I->O             2   1.106   0.532  ADDR_IN_8_IBUF (ADDR_IN_8_IBUF)
     LUT4:I0->O            1   0.612   0.000  DACA_OUT_cmp_eq0000111 (DACA_OUT_cmp_eq000011)
     MUXF5:I1->O           6   0.278   0.572  DACA_OUT_cmp_eq000011_f5 (MemWrite_OUT_and0000)
     LUT4:I3->O            1   0.612   0.360  DACA_OUT_cmp_eq00001_SW0 (N57)
     LUT4:I3->O            3   0.612   0.481  DACA_OUT_cmp_eq00001 (N12)
     LUT3:I2->O            3   0.612   0.481  DrawTimerToCount_cmp_eq000011 (N24)
     LUT3:I2->O           32   0.612   1.076  Ghost4ToCount_cmp_eq000011 (N49)
     LUT4:I3->O            1   0.612   0.357  ScatterModeToCount<9>1 (ScatterModeToCount_9_OBUF)
     OBUF:I->O                 3.169          ScatterModeToCount_9_OBUF (ScatterModeToCount<9>)
    ----------------------------------------
    Total                     12.084ns (8.225ns logic, 3.859ns route)
                                       (68.1% logic, 31.9% route)

=========================================================================


Total REAL time to Xst completion: 5.00 secs
Total CPU time to Xst completion: 5.02 secs
 
--> 

Total memory usage is 135860 kilobytes

Number of errors   :    0 (   0 filtered)
Number of warnings :    1 (   0 filtered)
Number of infos    :    0 (   0 filtered)

